# JRE version: OpenJDK Runtime Environment Temurin-21.0.9+10 (21.0.9+10) (build 21.0.9+10-LTS)
# Java VM: OpenJDK 64-Bit Server VM Temurin-21.0.9+10 (21.0.9+10-LTS, mixed mode, sharing, tiered, compressed oops, compressed class ptrs, parallel gc, windows-amd64)
GC Precious Log:
 CardTable entry size: 512
 CPUs: 8 total, 8 available
 Memory: 16187M
 Large Page Support: Disabled
 NUMA Support: Disabled
 Compressed Oops: Enabled (32-bit)
 Alignments: Space 512K, Generation 512K, Heap 2M
 Heap Min Capacity: 100M
 Heap Initial Capacity: 100M
 Heap Max Capacity: 2G
 Pre-touch: Disabled
 Parallel Workers: 8
Heap:
 PSYoungGen      total 5120K, used 3640K [0x00000000d5580000, 0x00000000d6080000, 0x0000000100000000)
  eden space 4608K, 74% used [0x00000000d5580000,0x00000000d58d6248,0x00000000d5a00000)
  from space 512K, 43% used [0x00000000d5f80000,0x00000000d5fb8000,0x00000000d6000000)
  to   space 512K, 0% used [0x00000000d6000000,0x00000000d6000000,0x00000000d6080000)
 ParOldGen       total 415232K, used 414929K [0x0000000080000000, 0x0000000099580000, 0x00000000d5580000)
  object space 415232K, 99% used [0x0000000080000000,0x00000000995344c8,0x0000000099580000)
 Metaspace       used 77142K, committed 78592K, reserved 1179648K
  class space    used 8268K, committed 8960K, reserved 1048576K
GC Heap History (20 events):
Event: 58602.483 GC heap before
{Heap before GC invocations=550 (full 4):
 PSYoungGen      total 7168K, used 4800K [0x00000000d5580000, 0x00000000d6100000, 0x0000000100000000)
  eden space 4608K, 100% used [0x00000000d5580000,0x00000000d5a00000,0x00000000d5a00000)
  from space 2560K, 7% used [0x00000000d5c00000,0x00000000d5c30000,0x00000000d5e80000)
  to   space 1024K, 0% used [0x00000000d6000000,0x00000000d6000000,0x00000000d6100000)
 ParOldGen       total 414720K, used 414441K [0x0000000080000000, 0x0000000099500000, 0x00000000d5580000)
  object space 414720K, 99% used [0x0000000080000000,0x00000000994ba4a8,0x0000000099500000)
 Metaspace       used 77070K, committed 78464K, reserved 1179648K
  class space    used 8265K, committed 8960K, reserved 1048576K
}
Event: 58602.487 GC heap after
{Heap after GC invocations=550 (full 4):
 PSYoungGen      total 5120K, used 256K [0x00000000d5580000, 0x00000000d6080000, 0x0000000100000000)
  eden space 4608K, 0% used [0x00000000d5580000,0x00000000d5580000,0x00000000d5a00000)
  from space 512K, 50% used [0x00000000d6000000,0x00000000d6040000,0x00000000d6080000)
  to   space 512K, 0% used [0x00000000d5f80000,0x00000000d5f80000,0x00000000d6000000)
 ParOldGen       total 414720K, used 414545K [0x0000000080000000, 0x0000000099500000, 0x00000000d5580000)
  object space 414720K, 99% used [0x0000000080000000,0x00000000994d44c8,0x0000000099500000)
 Metaspace       used 77070K, committed 78464K, reserved 1179648K
  class space    used 8265K, committed 8960K, reserved 1048576K
}
Event: 58657.137 GC heap before
{Heap before GC invocations=551 (full 4):
 PSYoungGen      total 5120K, used 4864K [0x00000000d5580000, 0x00000000d6080000, 0x0000000100000000)
  eden space 4608K, 100% used [0x00000000d5580000,0x00000000d5a00000,0x00000000d5a00000)
  from space 512K, 50% used [0x00000000d6000000,0x00000000d6040000,0x00000000d6080000)
  to   space 512K, 0% used [0x00000000d5f80000,0x00000000d5f80000,0x00000000d6000000)
 ParOldGen       total 414720K, used 414545K [0x0000000080000000, 0x0000000099500000, 0x00000000d5580000)
  object space 414720K, 99% used [0x0000000080000000,0x00000000994d44c8,0x0000000099500000)
 Metaspace       used 77075K, committed 78464K, reserved 1179648K
  class space    used 8265K, committed 8960K, reserved 1048576K
}
Event: 58657.139 GC heap after
{Heap after GC invocations=551 (full 4):
 PSYoungGen      total 5120K, used 224K [0x00000000d5580000, 0x00000000d6080000, 0x0000000100000000)
  eden space 4608K, 0% used [0x00000000d5580000,0x00000000d5580000,0x00000000d5a00000)
  from space 512K, 43% used [0x00000000d5f80000,0x00000000d5fb8000,0x00000000d6000000)
  to   space 512K, 0% used [0x00000000d6000000,0x00000000d6000000,0x00000000d6080000)
 ParOldGen       total 414720K, used 414577K [0x0000000080000000, 0x0000000099500000, 0x00000000d5580000)
  object space 414720K, 99% used [0x0000000080000000,0x00000000994dc4c8,0x0000000099500000)
 Metaspace       used 77075K, committed 78464K, reserved 1179648K
  class space    used 8265K, committed 8960K, reserved 1048576K
}
Event: 58776.225 GC heap before
{Heap before GC invocations=552 (full 4):
 PSYoungGen      total 5120K, used 4832K [0x00000000d5580000, 0x00000000d6080000, 0x0000000100000000)
  eden space 4608K, 100% used [0x00000000d5580000,0x00000000d5a00000,0x00000000d5a00000)
  from space 512K, 43% used [0x00000000d5f80000,0x00000000d5fb8000,0x00000000d6000000)
  to   space 512K, 0% used [0x00000000d6000000,0x00000000d6000000,0x00000000d6080000)
 ParOldGen       total 414720K, used 414577K [0x0000000080000000, 0x0000000099500000, 0x00000000d5580000)
  object space 414720K, 99% used [0x0000000080000000,0x00000000994dc4c8,0x0000000099500000)
 Metaspace       used 77081K, committed 78528K, reserved 1179648K
  class space    used 8265K, committed 8960K, reserved 1048576K
}
Event: 58776.228 GC heap after
{Heap after GC invocations=552 (full 4):
 PSYoungGen      total 5120K, used 256K [0x00000000d5580000, 0x00000000d6080000, 0x0000000100000000)
  eden space 4608K, 0% used [0x00000000d5580000,0x00000000d5580000,0x00000000d5a00000)
  from space 512K, 50% used [0x00000000d6000000,0x00000000d6040000,0x00000000d6080000)
  to   space 512K, 0% used [0x00000000d5f80000,0x00000000d5f80000,0x00000000d6000000)
 ParOldGen       total 414720K, used 414625K [0x0000000080000000, 0x0000000099500000, 0x00000000d5580000)
  object space 414720K, 99% used [0x0000000080000000,0x00000000994e84c8,0x0000000099500000)
 Metaspace       used 77081K, committed 78528K, reserved 1179648K
  class space    used 8265K, committed 8960K, reserved 1048576K
}
Event: 58807.438 GC heap before
{Heap before GC invocations=553 (full 4):
 PSYoungGen      total 5120K, used 4864K [0x00000000d5580000, 0x00000000d6080000, 0x0000000100000000)
  eden space 4608K, 100% used [0x00000000d5580000,0x00000000d5a00000,0x00000000d5a00000)
  from space 512K, 50% used [0x00000000d6000000,0x00000000d6040000,0x00000000d6080000)
  to   space 512K, 0% used [0x00000000d5f80000,0x00000000d5f80000,0x00000000d6000000)
 ParOldGen       total 414720K, used 414625K [0x0000000080000000, 0x0000000099500000, 0x00000000d5580000)
  object space 414720K, 99% used [0x0000000080000000,0x00000000994e84c8,0x0000000099500000)
 Metaspace       used 77106K, committed 78528K, reserved 1179648K
  class space    used 8268K, committed 8960K, reserved 1048576K
}
Event: 58807.440 GC heap after
{Heap after GC invocations=553 (full 4):
 PSYoungGen      total 5120K, used 192K [0x00000000d5580000, 0x00000000d6080000, 0x0000000100000000)
  eden space 4608K, 0% used [0x00000000d5580000,0x00000000d5580000,0x00000000d5a00000)
  from space 512K, 37% used [0x00000000d5f80000,0x00000000d5fb0000,0x00000000d6000000)
  to   space 512K, 0% used [0x00000000d6000000,0x00000000d6000000,0x00000000d6080000)
 ParOldGen       total 414720K, used 414665K [0x0000000080000000, 0x0000000099500000, 0x00000000d5580000)
  object space 414720K, 99% used [0x0000000080000000,0x00000000994f24c8,0x0000000099500000)
 Metaspace       used 77106K, committed 78528K, reserved 1179648K
  class space    used 8268K, committed 8960K, reserved 1048576K
}
Event: 58888.341 GC heap before
{Heap before GC invocations=554 (full 4):
 PSYoungGen      total 5120K, used 4799K [0x00000000d5580000, 0x00000000d6080000, 0x0000000100000000)
  eden space 4608K, 99% used [0x00000000d5580000,0x00000000d59fffd0,0x00000000d5a00000)
  from space 512K, 37% used [0x00000000d5f80000,0x00000000d5fb0000,0x00000000d6000000)
  to   space 512K, 0% used [0x00000000d6000000,0x00000000d6000000,0x00000000d6080000)
 ParOldGen       total 414720K, used 414665K [0x0000000080000000, 0x0000000099500000, 0x00000000d5580000)
  object space 414720K, 99% used [0x0000000080000000,0x00000000994f24c8,0x0000000099500000)
 Metaspace       used 77111K, committed 78528K, reserved 1179648K
  class space    used 8268K, committed 8960K, reserved 1048576K
}
Event: 58888.348 GC heap after
{Heap after GC invocations=554 (full 4):
 PSYoungGen      total 5120K, used 192K [0x00000000d5580000, 0x00000000d6080000, 0x0000000100000000)
  eden space 4608K, 0% used [0x00000000d5580000,0x00000000d5580000,0x00000000d5a00000)
  from space 512K, 37% used [0x00000000d6000000,0x00000000d6030000,0x00000000d6080000)
  to   space 512K, 0% used [0x00000000d5f80000,0x00000000d5f80000,0x00000000d6000000)
 ParOldGen       total 414720K, used 414713K [0x0000000080000000, 0x0000000099500000, 0x00000000d5580000)
  object space 414720K, 99% used [0x0000000080000000,0x00000000994fe4c8,0x0000000099500000)
 Metaspace       used 77111K, committed 78528K, reserved 1179648K
  class space    used 8268K, committed 8960K, reserved 1048576K
}
Event: 58893.506 GC heap before
{Heap before GC invocations=555 (full 4):
 PSYoungGen      total 5120K, used 4800K [0x00000000d5580000, 0x00000000d6080000, 0x0000000100000000)
  eden space 4608K, 100% used [0x00000000d5580000,0x00000000d5a00000,0x00000000d5a00000)
  from space 512K, 37% used [0x00000000d6000000,0x00000000d6030000,0x00000000d6080000)
  to   space 512K, 0% used [0x00000000d5f80000,0x00000000d5f80000,0x00000000d6000000)
 ParOldGen       total 414720K, used 414713K [0x0000000080000000, 0x0000000099500000, 0x00000000d5580000)
  object space 414720K, 99% used [0x0000000080000000,0x00000000994fe4c8,0x0000000099500000)
 Metaspace       used 77119K, committed 78528K, reserved 1179648K
  class space    used 8268K, committed 8960K, reserved 1048576K
}
Event: 58893.507 GC heap after
{Heap after GC invocations=555 (full 4):
 PSYoungGen      total 5120K, used 160K [0x00000000d5580000, 0x00000000d6080000, 0x0000000100000000)
  eden space 4608K, 0% used [0x00000000d5580000,0x00000000d5580000,0x00000000d5a00000)
  from space 512K, 31% used [0x00000000d5f80000,0x00000000d5fa8000,0x00000000d6000000)
  to   space 512K, 0% used [0x00000000d6000000,0x00000000d6000000,0x00000000d6080000)
 ParOldGen       total 415232K, used 414745K [0x0000000080000000, 0x0000000099580000, 0x00000000d5580000)
  object space 415232K, 99% used [0x0000000080000000,0x00000000995064c8,0x0000000099580000)
 Metaspace       used 77119K, committed 78528K, reserved 1179648K
  class space    used 8268K, committed 8960K, reserved 1048576K
}
Event: 58901.128 GC heap before
{Heap before GC invocations=556 (full 4):
 PSYoungGen      total 5120K, used 4768K [0x00000000d5580000, 0x00000000d6080000, 0x0000000100000000)
  eden space 4608K, 100% used [0x00000000d5580000,0x00000000d5a00000,0x00000000d5a00000)
  from space 512K, 31% used [0x00000000d5f80000,0x00000000d5fa8000,0x00000000d6000000)
  to   space 512K, 0% used [0x00000000d6000000,0x00000000d6000000,0x00000000d6080000)
 ParOldGen       total 415232K, used 414745K [0x0000000080000000, 0x0000000099580000, 0x00000000d5580000)
  object space 415232K, 99% used [0x0000000080000000,0x00000000995064c8,0x0000000099580000)
 Metaspace       used 77123K, committed 78528K, reserved 1179648K
  class space    used 8268K, committed 8960K, reserved 1048576K
}
Event: 58901.140 GC heap after
{Heap after GC invocations=556 (full 4):
 PSYoungGen      total 5120K, used 256K [0x00000000d5580000, 0x00000000d6080000, 0x0000000100000000)
  eden space 4608K, 0% used [0x00000000d5580000,0x00000000d5580000,0x00000000d5a00000)
  from space 512K, 50% used [0x00000000d6000000,0x00000000d6040000,0x00000000d6080000)
  to   space 512K, 0% used [0x00000000d5f80000,0x00000000d5f80000,0x00000000d6000000)
 ParOldGen       total 415232K, used 414801K [0x0000000080000000, 0x0000000099580000, 0x00000000d5580000)
  object space 415232K, 99% used [0x0000000080000000,0x00000000995144c8,0x0000000099580000)
 Metaspace       used 77123K, committed 78528K, reserved 1179648K
  class space    used 8268K, committed 8960K, reserved 1048576K
}
Event: 58906.190 GC heap before
{Heap before GC invocations=557 (full 4):
 PSYoungGen      total 5120K, used 4864K [0x00000000d5580000, 0x00000000d6080000, 0x0000000100000000)
  eden space 4608K, 100% used [0x00000000d5580000,0x00000000d5a00000,0x00000000d5a00000)
  from space 512K, 50% used [0x00000000d6000000,0x00000000d6040000,0x00000000d6080000)
  to   space 512K, 0% used [0x00000000d5f80000,0x00000000d5f80000,0x00000000d6000000)
 ParOldGen       total 415232K, used 414801K [0x0000000080000000, 0x0000000099580000, 0x00000000d5580000)
  object space 415232K, 99% used [0x0000000080000000,0x00000000995144c8,0x0000000099580000)
 Metaspace       used 77124K, committed 78592K, reserved 1179648K
  class space    used 8268K, committed 8960K, reserved 1048576K
}
Event: 58906.191 GC heap after
{Heap after GC invocations=557 (full 4):
 PSYoungGen      total 5120K, used 256K [0x00000000d5580000, 0x00000000d6080000, 0x0000000100000000)
  eden space 4608K, 0% used [0x00000000d5580000,0x00000000d5580000,0x00000000d5a00000)
  from space 512K, 50% used [0x00000000d5f80000,0x00000000d5fc0000,0x00000000d6000000)
  to   space 512K, 0% used [0x00000000d6000000,0x00000000d6000000,0x00000000d6080000)
 ParOldGen       total 415232K, used 414857K [0x0000000080000000, 0x0000000099580000, 0x00000000d5580000)
  object space 415232K, 99% used [0x0000000080000000,0x00000000995224c8,0x0000000099580000)
 Metaspace       used 77124K, committed 78592K, reserved 1179648K
  class space    used 8268K, committed 8960K, reserved 1048576K
}
Event: 58914.909 GC heap before
{Heap before GC invocations=558 (full 4):
 PSYoungGen      total 5120K, used 4864K [0x00000000d5580000, 0x00000000d6080000, 0x0000000100000000)
  eden space 4608K, 100% used [0x00000000d5580000,0x00000000d5a00000,0x00000000d5a00000)
  from space 512K, 50% used [0x00000000d5f80000,0x00000000d5fc0000,0x00000000d6000000)
  to   space 512K, 0% used [0x00000000d6000000,0x00000000d6000000,0x00000000d6080000)
 ParOldGen       total 415232K, used 414857K [0x0000000080000000, 0x0000000099580000, 0x00000000d5580000)
  object space 415232K, 99% used [0x0000000080000000,0x00000000995224c8,0x0000000099580000)
 Metaspace       used 77127K, committed 78592K, reserved 1179648K
  class space    used 8268K, committed 8960K, reserved 1048576K
}
Event: 58914.911 GC heap after
{Heap after GC invocations=558 (full 4):
 PSYoungGen      total 5120K, used 160K [0x00000000d5580000, 0x00000000d6080000, 0x0000000100000000)
  eden space 4608K, 0% used [0x00000000d5580000,0x00000000d5580000,0x00000000d5a00000)
  from space 512K, 31% used [0x00000000d6000000,0x00000000d6028000,0x00000000d6080000)
  to   space 512K, 0% used [0x00000000d5f80000,0x00000000d5f80000,0x00000000d6000000)
 ParOldGen       total 415232K, used 414881K [0x0000000080000000, 0x0000000099580000, 0x00000000d5580000)
  object space 415232K, 99% used [0x0000000080000000,0x00000000995284c8,0x0000000099580000)
 Metaspace       used 77127K, committed 78592K, reserved 1179648K
  class space    used 8268K, committed 8960K, reserved 1048576K
}
Event: 58922.891 GC heap before
{Heap before GC invocations=559 (full 4):
 PSYoungGen      total 5120K, used 4768K [0x00000000d5580000, 0x00000000d6080000, 0x0000000100000000)
  eden space 4608K, 100% used [0x00000000d5580000,0x00000000d5a00000,0x00000000d5a00000)
  from space 512K, 31% used [0x00000000d6000000,0x00000000d6028000,0x00000000d6080000)
  to   space 512K, 0% used [0x00000000d5f80000,0x00000000d5f80000,0x00000000d6000000)
 ParOldGen       total 415232K, used 414881K [0x0000000080000000, 0x0000000099580000, 0x00000000d5580000)
  object space 415232K, 99% used [0x0000000080000000,0x00000000995284c8,0x0000000099580000)
 Metaspace       used 77131K, committed 78592K, reserved 1179648K
  class space    used 8268K, committed 8960K, reserved 1048576K
}
Event: 58922.900 GC heap after
{Heap after GC invocations=559 (full 4):
 PSYoungGen      total 5120K, used 224K [0x00000000d5580000, 0x00000000d6080000, 0x0000000100000000)
  eden space 4608K, 0% used [0x00000000d5580000,0x00000000d5580000,0x00000000d5a00000)
  from space 512K, 43% used [0x00000000d5f80000,0x00000000d5fb8000,0x00000000d6000000)
  to   space 512K, 0% used [0x00000000d6000000,0x00000000d6000000,0x00000000d6080000)
 ParOldGen       total 415232K, used 414929K [0x0000000080000000, 0x0000000099580000, 0x00000000d5580000)
  object space 415232K, 99% used [0x0000000080000000,0x00000000995344c8,0x0000000099580000)
 Metaspace       used 77131K, committed 78592K, reserved 1179648K
  class space    used 8268K, committed 8960K, reserved 1048576K
}

